2025-08-30 16:06:37 |     INFO | 🚀 Iniciando Trovit Professional Scraper
2025-08-30 16:06:37 |     INFO |    URL objetivo: https://casas.trovit.com.mx/index.php/cod.search_homes/type.1/what_d.Mexico/
2025-08-30 16:06:37 |     INFO |    Archivo salida: None
2025-08-30 16:06:37 |     INFO |    Max pages: 1
2025-08-30 16:06:37 |     INFO |    Resume from: 1
2025-08-30 16:06:37 |     INFO |    Headless: True
2025-08-30 16:06:37 |     INFO | 🚀 Iniciando scraping profesional de trovit.com.mx
2025-08-30 16:06:37 |     INFO | ======================================================================
2025-08-30 16:06:37 |     INFO | 🔧 Creando driver profesional optimizado...
2025-08-30 16:06:43 |     INFO | 📄 Procesando página 1: https://casas.trovit.com.mx/index.php/cod.search_homes/type.1/what_d.Mexico/
2025-08-30 16:06:59 |    ERROR | ❌ Timeout esperando que cargue la página
2025-08-30 16:06:59 |  WARNING | ⚠️  Página 1 falló. Intentando siguiente...
2025-08-30 16:07:04 |     INFO | 🏁 Límite de páginas alcanzado: 1
2025-08-30 16:07:06 |  WARNING | ⚠️  No hay datos para guardar
2025-08-30 16:07:06 |     INFO | ======================================================================
2025-08-30 16:07:06 |     INFO | 🎉 SCRAPING COMPLETADO EXITOSAMENTE
2025-08-30 16:07:06 |     INFO | 📊 Páginas procesadas: 0
2025-08-30 16:07:06 |     INFO | 🏠 Propiedades encontradas: 0
2025-08-30 16:07:06 |     INFO | ❌ Errores: 1
2025-08-30 16:07:06 |     INFO | ⏱️  Tiempo total: 0:00:29.393016
2025-08-30 16:07:06 |     INFO | ⚡ Promedio por página: 29.4s
2025-08-30 16:07:06 |     INFO | ✅ Tasa de éxito: -100.0%
2025-08-30 16:07:06 |     INFO | ======================================================================
